Ficheiro gerado: painel.json
[main 3379f6d] Atualização automática via cron
 5 files changed, 1475 insertions(+), 1370 deletions(-)
 create mode 100644 dados/horarios/2025-07-13_12.csv
 create mode 100644 scripts/cron.log
To github.com:carlosfranquinho/SkyLog.git
   dc0272a..3379f6d  main -> main
Ficheiro gerado: painel.json
[main a366e0a] Atualização automática via cron
 6 files changed, 4555 insertions(+), 1384 deletions(-)
 create mode 100644 dados/horarios/2025-07-13_13.csv
To github.com:carlosfranquinho/SkyLog.git
   3379f6d..a366e0a  main -> main
Ficheiro gerado: painel.json
[main a728a25] Atualização automática via cron
 6 files changed, 6024 insertions(+), 1582 deletions(-)
 create mode 100644 dados/horarios/2025-07-13_14.csv
To github.com:carlosfranquinho/SkyLog.git
   a366e0a..a728a25  main -> main
Ficheiro gerado: painel.json
